Arguments: 
  C:\Program Files\nodejs\node.exe C:\Users\Faizan Trader\AppData\Roaming\npm\node_modules\yarn\bin\yarn.js add binance-api-node

PATH: 
  C:\Python311\Scripts\;C:\Python311\;C:\WINDOWS\system32;C:\WINDOWS;C:\WINDOWS\System32\Wbem;C:\WINDOWS\System32\WindowsPowerShell\v1.0\;C:\WINDOWS\System32\OpenSSH\;C:\ProgramData\chocolatey\bin;C:\Program Files\Git\cmd;C:\Users\Faizan Trader\AppData\Roaming\nvm;C:\Program Files\nodejs;C:\Users\Faizan Trader\AppData\Local\Microsoft\WindowsApps;C:\Users\Faizan Trader\AppData\Local\Programs\Microsoft VS Code\bin;C:\Users\Faizan Trader\Downloads\chromedriver_win32;C:\Users\Faizan Trader\AppData\Roaming\npm;C:\Users\Faizan Trader\AppData\Roaming\nvm;C:\Program Files\nodejs

Yarn version: 
  1.22.19

Node version: 
  16.17.0

Platform: 
  win32 x64

Trace: 
  Error: EPERM: operation not permitted, unlink 'D:\virtual-exchange-backend\node_modules\bufferutil\prebuilds\win32-x64\node.napi.node'

npm manifest: 
  {
    "name": "react",
    "version": "1.0.0",
    "description": "",
    "main": "index.js",
    "scripts": {
      "test": "echo \"Error: no test specified\" && exit 1",
      "dev": "nodemon server",
      "start": "nodemon /SocketController/global_socket.js"
    },
    "author": "",
    "license": "ISC",
    "dependencies": {
      "@socket.io/mongo-adapter": "^0.2.1",
      "@vonage/server-sdk": "^3.0.14",
      "apple-auth": "^1.0.7",
      "authenticator": "^1.1.5",
      "aws-sdk": "^2.1279.0",
      "axios": "^0.27.2",
      "cors": "^2.8.5",
      "crypto-js": "^4.1.1",
      "dotenv": "^16.0.1",
      "ethereumjs-tx": "^2.1.2",
      "express": "^4.18.1",
      "express-fileupload": "^1.4.0",
      "express-jwt": "^8.4.1",
      "express-session": "^1.17.3",
      "geoip-lite": "^1.4.6",
      "google-auth-library": "^8.7.0",
      "google-libphonenumber": "^3.2.32",
      "jsonwebtoken": "^9.0.0",
      "messagebird": "^4.0.1",
      "moment": "^2.29.4",
      "moment-timezone": "^0.5.41",
      "mongodb": "^4.9.0",
      "mongoose": "^6.3.6",
      "mongoose-beautiful-unique-validation": "^7.1.1",
      "mongoose-unique-validator": "^3.1.0",
      "multer": "^1.4.5-lts.1",
      "mysql": "^2.18.1",
      "node-fetch": "^3.2.6",
      "node-schedule": "^2.1.0",
      "nodemailer": "^6.7.8",
      "nodemon": "^2.0.20",
      "passport": "^0.6.0",
      "passport-google-oauth20": "^2.0.0",
      "passport-google-oidc": "^0.1.0",
      "pdf-fonts": "^1.1.2",
      "pdfkit": "^0.13.0",
      "pdfmake": "^0.2.7",
      "qrcode": "^1.5.3",
      "request-ip": "^3.3.0",
      "sleep": "^6.3.0",
      "slider-captcha": "^1.0.0",
      "socket-io": "^1.0.0",
      "socket.io": "^4.5.1",
      "speakeasy": "^2.0.0",
      "svg-captcha": "^1.4.0",
      "trongrid": "^1.2.6",
      "twitter-api-v2": "^1.14.2",
      "unique-username-generator": "^1.1.3",
      "web3": "^1.10.0"
    }
  }

yarn manifest: 
  No manifest

Lockfile: 
  No lockfile
